<?xml version="1.0" encoding="UTF-8"?>
<!-- Generated by org.testng.reporters.JUnitReportReporter -->
<testsuite hostname="DESKTOP-0AP57HI" failures="0" tests="4" name="numatic.test1" time="15.559" errors="0" timestamp="2023-01-13T17:33:20 IST" skipped="0">
  <testcase classname="numatic.test1" name="verify_header_text" time="5.808"/>
  <system-out/>
  <testcase classname="numatic.test1" name="select_QA_option" time="9.577"/>
  <system-out/>
  <testcase classname="numatic.test1" name="Verify_Title" time="0.053"/>
  <system-out/>
  <testcase classname="numatic.test1" name="Verify_button" time="0.121"/>
  <system-out/>
</testsuite> <!-- numatic.test1 -->
